2024-03-20 19:01:24.372 - INFO - 13267 - azureml.automl.core.dataset_utilities._save_datasets_to_json:255 - JSON serialization of input of type <class 'NoneType'> is un-supported.
2024-03-20 19:01:24.387 - INFO - 13267 - azureml.automl.core.dataset_utilities._save_datasets_to_json:255 - JSON serialization of input of type <class 'NoneType'> is un-supported.
2024-03-20 19:01:24.396 - INFO - 13267 - azureml.train.automl._experiment_drivers.driver_utilities.validate_input:124 - Start data validation.
2024-03-20 19:01:24.466 - INFO - 13267 - azureml.train.automl._experiment_drivers.driver_utilities.validate_input:137 - Validation service found the data has no errors.
2024-03-20 19:01:25.315 - INFO - 13267 - azureml.train.automl._local_managed_utils.is_docker_installed:354 - Docker is installed with Docker version 24.0.8-1, build e0dfb46e22c4fc8a3ebfc990b44273be619686e9
.
2024-03-20 19:07:54.876 - INFO - 13267 - azureml.automl.core.dataset_utilities._save_datasets_to_json:255 - JSON serialization of input of type <class 'NoneType'> is un-supported.
2024-03-20 19:07:54.889 - INFO - 13267 - azureml.automl.core.dataset_utilities._save_datasets_to_json:255 - JSON serialization of input of type <class 'NoneType'> is un-supported.
2024-03-20 19:07:54.890 - INFO - 13267 - azureml.train.automl._experiment_drivers.driver_utilities.validate_input:124 - Start data validation.
2024-03-20 19:07:54.965 - INFO - 13267 - azureml.train.automl._experiment_drivers.driver_utilities.validate_input:137 - Validation service found the data has no errors.
2024-03-20 19:07:59.768 - INFO - 13267 - azureml.train.automl._local_managed_utils.is_docker_installed:354 - Docker is installed with Docker version 24.0.8-1, build e0dfb46e22c4fc8a3ebfc990b44273be619686e9
.
2024-03-20 19:22:02.329 - INFO - 13267 - azureml.train.automl._local_managed_utils.is_docker_installed:354 - Docker is installed with Docker version 24.0.8-1, build e0dfb46e22c4fc8a3ebfc990b44273be619686e9
.
2024-03-20 19:22:02.332 - INFO - 13267 - azureml.train.automl.automlconfig._start_execution:231 - Submitting remote.
2024-03-20 19:22:55.339 - INFO - 13267 - azureml.automl.core.dataset_utilities._save_datasets_to_json:255 - JSON serialization of input of type <class 'NoneType'> is un-supported.
2024-03-20 19:22:55.346 - INFO - 13267 - azureml.automl.core.dataset_utilities._save_datasets_to_json:255 - JSON serialization of input of type <class 'NoneType'> is un-supported.
2024-03-20 19:22:55.361 - INFO - 13267 - azureml.train.automl._experiment_drivers.driver_utilities.validate_input:124 - Start data validation.
2024-03-20 19:22:55.419 - INFO - 13267 - azureml.train.automl._experiment_drivers.driver_utilities.validate_input:137 - Validation service found the data has no errors.
2024-03-20 19:22:57.002 - INFO - 13267 - azureml.train.automl._local_managed_utils.is_docker_installed:354 - Docker is installed with Docker version 24.0.8-1, build e0dfb46e22c4fc8a3ebfc990b44273be619686e9
.
2024-03-20 19:26:04.256 - INFO - 13267 - azureml.train.automl._local_managed_utils.is_docker_installed:354 - Docker is installed with Docker version 24.0.8-1, build e0dfb46e22c4fc8a3ebfc990b44273be619686e9
.
2024-03-20 19:26:04.264 - INFO - 13267 - azureml.train.automl.automlconfig._start_execution:231 - Submitting remote.
2024-03-20 20:47:10.575 - INFO - 44271 - azureml.automl.core.dataset_utilities._save_datasets_to_json:255 - JSON serialization of input of type <class 'NoneType'> is un-supported.
2024-03-20 20:47:10.586 - INFO - 44271 - azureml.automl.core.dataset_utilities._save_datasets_to_json:255 - JSON serialization of input of type <class 'NoneType'> is un-supported.
2024-03-20 20:47:10.595 - INFO - 44271 - azureml.train.automl._experiment_drivers.driver_utilities.validate_input:124 - Start data validation.
2024-03-20 20:47:10.665 - INFO - 44271 - azureml.train.automl._experiment_drivers.driver_utilities.validate_input:137 - Validation service found the data has no errors.
2024-03-20 20:54:28.977 - INFO - 44271 - azureml.automl.core.dataset_utilities._save_datasets_to_json:255 - JSON serialization of input of type <class 'NoneType'> is un-supported.
2024-03-20 20:54:29.003 - INFO - 44271 - azureml.automl.core.dataset_utilities._save_datasets_to_json:255 - JSON serialization of input of type <class 'NoneType'> is un-supported.
2024-03-20 20:54:29.011 - INFO - 44271 - azureml.train.automl._experiment_drivers.driver_utilities.validate_input:124 - Start data validation.
2024-03-20 20:54:29.099 - INFO - 44271 - azureml.train.automl._experiment_drivers.driver_utilities.validate_input:137 - Validation service found the data has no errors.
2024-03-20 21:31:40.879 - INFO - 44271 - azureml.automl.core.dataset_utilities._save_datasets_to_json:255 - JSON serialization of input of type <class 'NoneType'> is un-supported.
2024-03-20 21:31:40.894 - INFO - 44271 - azureml.automl.core.dataset_utilities._save_datasets_to_json:255 - JSON serialization of input of type <class 'NoneType'> is un-supported.
2024-03-20 21:31:40.896 - INFO - 44271 - azureml.train.automl._experiment_drivers.driver_utilities.validate_input:124 - Start data validation.
2024-03-20 21:31:40.967 - INFO - 44271 - azureml.train.automl._experiment_drivers.driver_utilities.validate_input:137 - Validation service found the data has no errors.
2024-03-20 21:52:02.889 - INFO - 44271 - azureml.automl.runtime.featurization.data_transformer.__init__:190 - Feature sweeping enabled: False
2024-03-20 21:52:02.890 - INFO - 44271 - azureml.automl.runtime.featurization.data_transformer.__init__:191 - Feature sweeping timeout: 86400
2024-03-21 00:46:32.020 - INFO - 4990 - azureml.automl.core.dataset_utilities._save_datasets_to_json:255 - JSON serialization of input of type <class 'NoneType'> is un-supported.
2024-03-21 00:46:32.055 - INFO - 4990 - azureml.automl.core.dataset_utilities._save_datasets_to_json:255 - JSON serialization of input of type <class 'NoneType'> is un-supported.
2024-03-21 00:46:32.063 - INFO - 4990 - azureml.train.automl._experiment_drivers.driver_utilities.validate_input:124 - Start data validation.
2024-03-21 00:46:32.131 - INFO - 4990 - azureml.train.automl._experiment_drivers.driver_utilities.validate_input:137 - Validation service found the data has no errors.
2024-03-21 01:06:50.196 - INFO - 24760 - azureml.train.automl._local_managed_utils.is_docker_installed:354 - Docker is installed with Docker version 24.0.8-1, build e0dfb46e22c4fc8a3ebfc990b44273be619686e9
.
2024-03-21 01:06:50.204 - INFO - 24760 - azureml.train.automl.automlconfig._start_execution:231 - Submitting remote.
2024-03-21 20:08:00.775 - INFO - 8706 - azureml.automl.core.dataset_utilities._save_datasets_to_json:255 - JSON serialization of input of type <class 'NoneType'> is un-supported.
2024-03-21 20:08:00.782 - INFO - 8706 - azureml.automl.core.dataset_utilities._save_datasets_to_json:255 - JSON serialization of input of type <class 'NoneType'> is un-supported.
2024-03-21 20:08:00.798 - INFO - 8706 - azureml.train.automl._experiment_drivers.driver_utilities.validate_input:124 - Start data validation.
2024-03-21 20:08:00.869 - INFO - 8706 - azureml.train.automl._experiment_drivers.driver_utilities.validate_input:137 - Validation service found the data has no errors.
2024-03-21 21:14:13.114 - INFO - 4519 - azureml.automl.core.dataset_utilities._save_datasets_to_json:255 - JSON serialization of input of type <class 'NoneType'> is un-supported.
2024-03-21 21:14:13.123 - INFO - 4519 - azureml.automl.core.dataset_utilities._save_datasets_to_json:255 - JSON serialization of input of type <class 'NoneType'> is un-supported.
2024-03-21 21:14:13.202 - INFO - 4519 - azureml.train.automl._experiment_drivers.driver_utilities.validate_input:124 - Start data validation.
2024-03-21 21:14:13.284 - INFO - 4519 - azureml.train.automl._experiment_drivers.driver_utilities.validate_input:137 - Validation service found the data has no errors.
2024-03-21 21:14:28.361 - INFO - 4519 - azureml.train.automl._local_managed_utils.is_docker_installed:354 - Docker is installed with Docker version 24.0.8-1, build e0dfb46e22c4fc8a3ebfc990b44273be619686e9
.
2024-03-21 21:15:20.770 - INFO - 4519 - azureml.train.automl._local_managed_utils.is_docker_installed:354 - Docker is installed with Docker version 24.0.8-1, build e0dfb46e22c4fc8a3ebfc990b44273be619686e9
.
2024-03-21 21:15:26.391 - INFO - 4519 - azureml.train.automl._local_managed_utils.is_docker_installed:354 - Docker is installed with Docker version 24.0.8-1, build e0dfb46e22c4fc8a3ebfc990b44273be619686e9
.
2024-03-21 21:16:30.392 - INFO - 4519 - azureml.train.automl._local_managed_utils.is_docker_installed:354 - Docker is installed with Docker version 24.0.8-1, build e0dfb46e22c4fc8a3ebfc990b44273be619686e9
.
2024-03-21 21:17:56.337 - INFO - 4519 - azureml.train.automl._local_managed_utils.is_docker_installed:354 - Docker is installed with Docker version 24.0.8-1, build e0dfb46e22c4fc8a3ebfc990b44273be619686e9
.
2024-03-21 21:17:56.351 - INFO - 4519 - azureml.train.automl.automlconfig._start_execution:231 - Submitting remote.
2024-03-21 22:07:50.796 - INFO - 35135 - azureml.train.automl._local_managed_utils.is_docker_installed:354 - Docker is installed with Docker version 24.0.8-1, build e0dfb46e22c4fc8a3ebfc990b44273be619686e9
.
2024-03-21 22:07:50.809 - INFO - 35135 - azureml.train.automl.automlconfig._start_execution:231 - Submitting remote.
2024-03-21 22:51:42.677 - INFO - 4152 - azureml.train.automl._local_managed_utils.is_docker_installed:354 - Docker is installed with Docker version 24.0.8-1, build e0dfb46e22c4fc8a3ebfc990b44273be619686e9
.
2024-03-21 22:51:42.685 - INFO - 4152 - azureml.train.automl.automlconfig._start_execution:231 - Submitting remote.
2024-03-22 00:40:47.653 - INFO - 4173 - azureml.train.automl._local_managed_utils.is_docker_installed:354 - Docker is installed with Docker version 24.0.8-1, build e0dfb46e22c4fc8a3ebfc990b44273be619686e9
.
2024-03-22 00:40:47.660 - INFO - 4173 - azureml.train.automl.automlconfig._start_execution:231 - Submitting remote.
2024-03-22 01:15:27.513 - INFO - 4173 - azureml.train.automl._local_managed_utils.is_docker_installed:354 - Docker is installed with Docker version 24.0.8-1, build e0dfb46e22c4fc8a3ebfc990b44273be619686e9
.
2024-03-22 01:15:27.525 - INFO - 4173 - azureml.train.automl.automlconfig._start_execution:231 - Submitting remote.
2024-03-22 01:43:14.551 - INFO - 95459 - azureml.train.automl._local_managed_utils.is_docker_installed:354 - Docker is installed with Docker version 24.0.8-1, build e0dfb46e22c4fc8a3ebfc990b44273be619686e9
.
2024-03-22 01:43:14.559 - INFO - 95459 - azureml.train.automl.automlconfig._start_execution:231 - Submitting remote.
2024-03-22 03:10:49.554 - INFO - 5151 - azureml.train.automl._local_managed_utils.is_docker_installed:354 - Docker is installed with Docker version 24.0.8-1, build e0dfb46e22c4fc8a3ebfc990b44273be619686e9
.
2024-03-22 03:10:49.562 - INFO - 5151 - azureml.train.automl.automlconfig._start_execution:231 - Submitting remote.
